04:10:45,Logger intiialized for class
04:10:45,Logger intiialized for class
04:10:45,Logger intiialized for class
04:10:45,Initializing data parser...
04:10:45,Configuring framework...
04:10:45,Starting framework...
04:10:45,Logger intiialized for class
04:10:45,Setting up test suite...
04:10:45,Executing test case Req01_TC01
04:10:45,{'Req01_TC01': {'season': '2005', 'format': 'JSON', 'status_code': '200', 'Status': {'statusId': '1', 'count': '148', 'status': 'Finished'}, 'Constructors': []}, 'Req01_TC02': {'season': '1949', 'format': 'JSON', 'status_code': '200', 'Status': [], 'Constructors': []}, 'Req02_TC01': {'season': '', 'format': '', 'status_code': '200', 'Status': [], 'Constructors': {'constructorId': 'mercedes', 'url': 'http://en.wikipedia.org/wiki/Mercedes-Benz_in_Formula_One', 'name': 'Mercedes', 'nationality': 'German'}}, 'Req02_TC02': {'season': '', 'format': '', 'status_code': '200', 'Status': [], 'Constructors': []}}
04:10:45,Executing API Call: GET http://ergast.com/api/f1/2005/status.json
04:10:45,Result: status_code=200, response_body={"MRData":{"xmlns":"http:\/\/ergast.com\/mrd\/1.4","series":"f1","url":"http://ergast.com/api/f1/2005/status.json","limit":"30","offset":"0","total":"33","StatusTable":{"season":"2005","Status":[{"statusId":"1","count":"148","status":"Finished"},{"statusId":"2","count":"4","status":"Disqualified"},{"statusId":"3","count":"21","status":"Accident"},{"statusId":"4","count":"4","status":"Collision"},{"statusId":"5","count":"11","status":"Engine"},{"statusId":"6","count":"3","status":"Gearbox"},{"statusId":"8","count":"2","status":"Clutch"},{"statusId":"9","count":"8","status":"Hydraulics"},{"statusId":"10","count":"4","status":"Electrical"},{"statusId":"11","count":"72","status":"+1 Lap"},{"statusId":"12","count":"21","status":"+2 Laps"},{"statusId":"13","count":"21","status":"+3 Laps"},{"statusId":"14","count":"9","status":"+4 Laps"},{"statusId":"15","count":"1","status":"+5 Laps"},{"statusId":"17","count":"1","status":"+7 Laps"},{"statusId":"20","count":"6","status":"Spun off"},{"statusId":"22","count":"3","status":"Suspension"},{"statusId":"23","count":"3","status":"Brakes"},{"statusId":"26","count":"1","status":"Mechanical"},{"statusId":"27","count":"3","status":"Tyre"},{"statusId":"29","count":"3","status":"Puncture"},{"statusId":"30","count":"2","status":"Driveshaft"},{"statusId":"31","count":"2","status":"Retired"},{"statusId":"32","count":"1","status":"Fuel pressure"},{"statusId":"45","count":"1","status":"+11 Laps"},{"statusId":"46","count":"1","status":"Wheel rim"},{"statusId":"54","count":"14","status":"Withdrew"},{"statusId":"55","count":"1","status":"+12 Laps"},{"statusId":"56","count":"1","status":"Engine fire"},{"statusId":"58","count":"1","status":"+26 Laps"}]}}}
04:10:45,Executing test case Req01_TC02
04:10:46,{'Req01_TC01': {'season': '2005', 'format': 'JSON', 'status_code': '200', 'Status': {'statusId': '1', 'count': '148', 'status': 'Finished'}, 'Constructors': []}, 'Req01_TC02': {'season': '1949', 'format': 'JSON', 'status_code': '200', 'Status': [], 'Constructors': []}, 'Req02_TC01': {'season': '', 'format': '', 'status_code': '200', 'Status': [], 'Constructors': {'constructorId': 'mercedes', 'url': 'http://en.wikipedia.org/wiki/Mercedes-Benz_in_Formula_One', 'name': 'Mercedes', 'nationality': 'German'}}, 'Req02_TC02': {'season': '', 'format': '', 'status_code': '200', 'Status': [], 'Constructors': []}}
04:10:46,Executing API Call: GET http://ergast.com/api/f1/1949/status.json
04:10:46,Result: status_code=200, response_body={"MRData":{"xmlns":"http:\/\/ergast.com\/mrd\/1.4","series":"f1","url":"http://ergast.com/api/f1/1949/status.json","limit":"30","offset":"0","total":"0","StatusTable":{"season":"1949","Status":[]}}}
04:10:46,Executing test case Req02_TC01
04:10:46,{'Req01_TC01': {'season': '2005', 'format': 'JSON', 'status_code': '200', 'Status': {'statusId': '1', 'count': '148', 'status': 'Finished'}, 'Constructors': []}, 'Req01_TC02': {'season': '1949', 'format': 'JSON', 'status_code': '200', 'Status': [], 'Constructors': []}, 'Req02_TC01': {'season': '', 'format': '', 'status_code': '200', 'Status': [], 'Constructors': {'constructorId': 'mercedes', 'url': 'http://en.wikipedia.org/wiki/Mercedes-Benz_in_Formula_One', 'name': 'Mercedes', 'nationality': 'German'}}, 'Req02_TC02': {'season': '', 'format': '', 'status_code': '200', 'Status': [], 'Constructors': []}}
04:10:46,Executing API Call: GET http://ergast.com/api/f1/constructors/Mercedes.json
04:10:46,Result: status_code=200, response_body={"MRData":{"xmlns":"http:\/\/ergast.com\/mrd\/1.4","series":"f1","url":"http://ergast.com/api/f1/constructors/mercedes.json","limit":"30","offset":"0","total":"1","ConstructorTable":{"constructorId":"mercedes","Constructors":[{"constructorId":"mercedes","url":"http:\/\/en.wikipedia.org\/wiki\/Mercedes-Benz_in_Formula_One","name":"Mercedes","nationality":"German"}]}}}
04:10:46,Executing test case Req02_TC02
04:10:47,{'Req01_TC01': {'season': '2005', 'format': 'JSON', 'status_code': '200', 'Status': {'statusId': '1', 'count': '148', 'status': 'Finished'}, 'Constructors': []}, 'Req01_TC02': {'season': '1949', 'format': 'JSON', 'status_code': '200', 'Status': [], 'Constructors': []}, 'Req02_TC01': {'season': '', 'format': '', 'status_code': '200', 'Status': [], 'Constructors': {'constructorId': 'mercedes', 'url': 'http://en.wikipedia.org/wiki/Mercedes-Benz_in_Formula_One', 'name': 'Mercedes', 'nationality': 'German'}}, 'Req02_TC02': {'season': '', 'format': '', 'status_code': '200', 'Status': [], 'Constructors': []}}
04:10:47,Executing API Call: GET http://ergast.com/api/f1/constructors/RolandF1Team.json
04:10:47,Result: status_code=200, response_body={"MRData":{"xmlns":"http:\/\/ergast.com\/mrd\/1.4","series":"f1","url":"http://ergast.com/api/f1/constructors/rolandf1team.json","limit":"30","offset":"0","total":"0","ConstructorTable":{"constructorId":"rolandf1team","Constructors":[]}}}
04:10:47,Tearing down test suite...
